mode: atomic
oracle-etl/internal/domain/extraction.go:71.51,77.2 1 0
oracle-etl/internal/domain/extraction.go:108.61,115.2 1 0
oracle-etl/internal/domain/extraction.go:118.30,122.2 3 0
oracle-etl/internal/domain/extraction.go:125.74,132.2 6 0
oracle-etl/internal/domain/extraction.go:135.38,139.16 4 0
oracle-etl/internal/domain/extraction.go:139.16,142.3 2 0
oracle-etl/internal/domain/job.go:26.38,28.2 1 0
oracle-etl/internal/domain/job.go:39.47,40.20 1 0
oracle-etl/internal/domain/job.go:40.20,42.3 1 0
oracle-etl/internal/domain/job.go:61.67,63.2 1 0
oracle-etl/internal/domain/job.go:66.38,68.2 1 0
oracle-etl/internal/domain/job.go:71.55,82.2 2 0
oracle-etl/internal/domain/job.go:85.23,89.2 3 0
oracle-etl/internal/domain/job.go:92.26,96.24 4 0
oracle-etl/internal/domain/job.go:96.24,99.3 2 0
oracle-etl/internal/domain/job.go:103.31,107.16 4 0
oracle-etl/internal/domain/job.go:107.16,110.3 2 0
oracle-etl/internal/domain/job.go:111.2,111.24 1 0
oracle-etl/internal/domain/job.go:111.24,114.3 2 0
oracle-etl/internal/domain/job.go:118.24,122.24 4 0
oracle-etl/internal/domain/job.go:122.24,124.3 1 0
oracle-etl/internal/domain/job.go:128.45,130.2 1 0
oracle-etl/internal/domain/job.go:133.31,135.36 2 0
oracle-etl/internal/domain/job.go:135.36,138.3 2 0
oracle-etl/internal/domain/job.go:139.2,141.36 3 0
oracle-etl/internal/domain/job.go:169.43,174.2 1 0
oracle-etl/internal/domain/transport.go:43.49,46.25 2 0
oracle-etl/internal/domain/transport.go:46.25,48.3 1 0
oracle-etl/internal/domain/transport.go:49.2,49.43 1 0
oracle-etl/internal/domain/transport.go:53.77,65.2 2 0
oracle-etl/internal/domain/transport.go:68.38,69.16 1 0
oracle-etl/internal/domain/transport.go:69.16,71.3 1 0
oracle-etl/internal/domain/transport.go:72.2,72.18 1 0
oracle-etl/internal/domain/transport.go:72.18,74.3 1 0
oracle-etl/internal/domain/transport.go:75.2,75.24 1 0
oracle-etl/internal/domain/transport.go:75.24,77.3 1 0
oracle-etl/internal/domain/transport.go:78.2,78.12 1 0
oracle-etl/internal/domain/transport.go:82.39,84.2 1 0
oracle-etl/internal/domain/transport.go:94.51,95.18 1 0
oracle-etl/internal/domain/transport.go:95.18,97.3 1 0
oracle-etl/internal/domain/transport.go:98.2,98.24 1 0
oracle-etl/internal/domain/transport.go:98.24,100.3 1 0
oracle-etl/internal/domain/transport.go:101.2,101.12 1 0
oracle-etl/internal/domain/extraction.go:71.51,77.2 1 0
oracle-etl/internal/domain/extraction.go:108.61,115.2 1 0
oracle-etl/internal/domain/extraction.go:118.30,122.2 3 0
oracle-etl/internal/domain/extraction.go:125.74,132.2 6 0
oracle-etl/internal/domain/extraction.go:135.38,139.16 4 0
oracle-etl/internal/domain/extraction.go:139.16,142.3 2 0
oracle-etl/internal/domain/job.go:26.38,28.2 1 0
oracle-etl/internal/domain/job.go:39.47,40.20 1 0
oracle-etl/internal/domain/job.go:40.20,42.3 1 0
oracle-etl/internal/domain/job.go:61.67,63.2 1 0
oracle-etl/internal/domain/job.go:66.38,68.2 1 0
oracle-etl/internal/domain/job.go:71.55,82.2 2 0
oracle-etl/internal/domain/job.go:85.23,89.2 3 0
oracle-etl/internal/domain/job.go:92.26,96.24 4 0
oracle-etl/internal/domain/job.go:96.24,99.3 2 0
oracle-etl/internal/domain/job.go:103.31,107.16 4 0
oracle-etl/internal/domain/job.go:107.16,110.3 2 0
oracle-etl/internal/domain/job.go:111.2,111.24 1 0
oracle-etl/internal/domain/job.go:111.24,114.3 2 0
oracle-etl/internal/domain/job.go:118.24,122.24 4 0
oracle-etl/internal/domain/job.go:122.24,124.3 1 0
oracle-etl/internal/domain/job.go:128.45,130.2 1 0
oracle-etl/internal/domain/job.go:133.31,135.36 2 0
oracle-etl/internal/domain/job.go:135.36,138.3 2 0
oracle-etl/internal/domain/job.go:139.2,141.36 3 0
oracle-etl/internal/domain/job.go:169.43,174.2 1 0
oracle-etl/internal/domain/transport.go:43.49,46.25 2 0
oracle-etl/internal/domain/transport.go:46.25,48.3 1 0
oracle-etl/internal/domain/transport.go:49.2,49.43 1 0
oracle-etl/internal/domain/transport.go:53.77,65.2 2 0
oracle-etl/internal/domain/transport.go:68.38,69.16 1 0
oracle-etl/internal/domain/transport.go:69.16,71.3 1 0
oracle-etl/internal/domain/transport.go:72.2,72.18 1 0
oracle-etl/internal/domain/transport.go:72.18,74.3 1 0
oracle-etl/internal/domain/transport.go:75.2,75.24 1 0
oracle-etl/internal/domain/transport.go:75.24,77.3 1 0
oracle-etl/internal/domain/transport.go:78.2,78.12 1 0
oracle-etl/internal/domain/transport.go:82.39,84.2 1 0
oracle-etl/internal/domain/transport.go:94.51,95.18 1 0
oracle-etl/internal/domain/transport.go:95.18,97.3 1 0
oracle-etl/internal/domain/transport.go:98.2,98.24 1 0
oracle-etl/internal/domain/transport.go:98.24,100.3 1 0
oracle-etl/internal/domain/transport.go:101.2,101.12 1 0
oracle-etl/cmd/server/main.go:28.13,40.22 4 0
oracle-etl/cmd/server/main.go:40.22,42.3 1 0
oracle-etl/cmd/server/main.go:44.2,45.16 2 0
oracle-etl/cmd/server/main.go:45.16,47.3 1 0
oracle-etl/cmd/server/main.go:50.2,50.39 1 0
oracle-etl/cmd/server/main.go:50.39,52.3 1 0
oracle-etl/cmd/server/main.go:54.2,87.12 13 0
oracle-etl/cmd/server/main.go:87.12,89.42 2 0
oracle-etl/cmd/server/main.go:89.42,91.4 1 0
oracle-etl/cmd/server/main.go:94.2,99.49 2 0
oracle-etl/cmd/server/main.go:103.71,112.53 3 5
oracle-etl/cmd/server/main.go:112.53,114.39 2 1
oracle-etl/cmd/server/main.go:114.39,116.5 1 1
oracle-etl/cmd/server/main.go:117.4,120.6 1 1
oracle-etl/cmd/server/main.go:125.2,128.12 3 5
oracle-etl/cmd/server/main.go:132.152,158.2 14 3
oracle-etl/cmd/server/main.go:161.99,176.53 9 0
oracle-etl/cmd/server/main.go:176.53,178.3 1 0
oracle-etl/cmd/server/main.go:180.2,180.43 1 0
oracle-etl/internal/domain/extraction.go:71.51,77.2 1 0
oracle-etl/internal/domain/extraction.go:108.61,115.2 1 0
oracle-etl/internal/domain/extraction.go:118.30,122.2 3 0
oracle-etl/internal/domain/extraction.go:125.74,132.2 6 0
oracle-etl/internal/domain/extraction.go:135.38,139.16 4 0
oracle-etl/internal/domain/extraction.go:139.16,142.3 2 0
oracle-etl/internal/domain/job.go:26.38,28.2 1 0
oracle-etl/internal/domain/job.go:39.47,40.20 1 0
oracle-etl/internal/domain/job.go:40.20,42.3 1 0
oracle-etl/internal/domain/job.go:61.67,63.2 1 1
oracle-etl/internal/domain/job.go:66.38,68.2 1 0
oracle-etl/internal/domain/job.go:71.55,82.2 2 1
oracle-etl/internal/domain/job.go:85.23,89.2 3 0
oracle-etl/internal/domain/job.go:92.26,96.24 4 0
oracle-etl/internal/domain/job.go:96.24,99.3 2 0
oracle-etl/internal/domain/job.go:103.31,107.16 4 0
oracle-etl/internal/domain/job.go:107.16,110.3 2 0
oracle-etl/internal/domain/job.go:111.2,111.24 1 0
oracle-etl/internal/domain/job.go:111.24,114.3 2 0
oracle-etl/internal/domain/job.go:118.24,122.24 4 0
oracle-etl/internal/domain/job.go:122.24,124.3 1 0
oracle-etl/internal/domain/job.go:128.45,130.2 1 0
oracle-etl/internal/domain/job.go:133.31,135.36 2 0
oracle-etl/internal/domain/job.go:135.36,138.3 2 0
oracle-etl/internal/domain/job.go:139.2,141.36 3 0
oracle-etl/internal/domain/job.go:169.43,174.2 1 1
oracle-etl/internal/domain/transport.go:43.49,46.25 2 2
oracle-etl/internal/domain/transport.go:46.25,48.3 1 2
oracle-etl/internal/domain/transport.go:49.2,49.43 1 0
oracle-etl/internal/domain/transport.go:53.77,65.2 2 2
oracle-etl/internal/domain/transport.go:68.38,69.16 1 0
oracle-etl/internal/domain/transport.go:69.16,71.3 1 0
oracle-etl/internal/domain/transport.go:72.2,72.18 1 0
oracle-etl/internal/domain/transport.go:72.18,74.3 1 0
oracle-etl/internal/domain/transport.go:75.2,75.24 1 0
oracle-etl/internal/domain/transport.go:75.24,77.3 1 0
oracle-etl/internal/domain/transport.go:78.2,78.12 1 0
oracle-etl/internal/domain/transport.go:82.39,84.2 1 1
oracle-etl/internal/domain/transport.go:94.51,95.18 1 2
oracle-etl/internal/domain/transport.go:95.18,97.3 1 0
oracle-etl/internal/domain/transport.go:98.2,98.24 1 2
oracle-etl/internal/domain/transport.go:98.24,100.3 1 0
oracle-etl/internal/domain/transport.go:101.2,101.12 1 2
oracle-etl/internal/adapter/gcs/client.go:35.38,36.23 1 4
oracle-etl/internal/adapter/gcs/client.go:36.23,38.3 1 1
oracle-etl/internal/adapter/gcs/client.go:39.2,39.24 1 3
oracle-etl/internal/adapter/gcs/client.go:39.24,41.3 1 1
oracle-etl/internal/adapter/gcs/client.go:42.2,42.12 1 2
oracle-etl/internal/adapter/gcs/client.go:46.37,47.22 1 12
oracle-etl/internal/adapter/gcs/client.go:47.22,49.3 1 12
oracle-etl/internal/adapter/gcs/client.go:50.2,50.20 1 12
oracle-etl/internal/adapter/gcs/client.go:50.20,52.3 1 12
oracle-etl/internal/adapter/gcs/client.go:84.71,87.42 2 0
oracle-etl/internal/adapter/gcs/client.go:87.42,89.3 1 0
oracle-etl/internal/adapter/gcs/client.go:91.2,92.34 2 0
oracle-etl/internal/adapter/gcs/client.go:92.34,94.3 1 0
oracle-etl/internal/adapter/gcs/client.go:96.2,97.16 2 0
oracle-etl/internal/adapter/gcs/client.go:97.16,99.3 1 0
oracle-etl/internal/adapter/gcs/client.go:101.2,107.8 2 0
oracle-etl/internal/adapter/gcs/client.go:111.53,113.16 2 0
oracle-etl/internal/adapter/gcs/client.go:113.16,115.3 1 0
oracle-etl/internal/adapter/gcs/client.go:116.2,116.12 1 0
oracle-etl/internal/adapter/gcs/client.go:120.95,132.2 6 0
oracle-etl/internal/adapter/gcs/client.go:136.82,138.2 1 0
oracle-etl/internal/adapter/gcs/client.go:142.83,144.2 1 0
oracle-etl/internal/adapter/gcs/client.go:147.41,149.2 1 0
oracle-etl/internal/adapter/gcs/client.go:152.35,154.2 1 0
oracle-etl/internal/adapter/gcs/client.go:163.45,169.2 2 11
oracle-etl/internal/adapter/gcs/client.go:172.54,174.2 1 1
oracle-etl/internal/adapter/gcs/client.go:177.96,179.2 1 3
oracle-etl/internal/adapter/gcs/client.go:182.83,184.2 1 3
oracle-etl/internal/adapter/gcs/client.go:187.84,189.2 1 1
oracle-etl/internal/adapter/gcs/client.go:192.42,194.2 1 1
oracle-etl/internal/adapter/gcs/client.go:197.36,200.2 2 1
oracle-etl/internal/adapter/gcs/client.go:207.57,211.2 3 13
oracle-etl/internal/adapter/gcs/client.go:213.36,215.2 1 3
oracle-etl/internal/adapter/gcs/uploader.go:25.43,26.23 1 2
oracle-etl/internal/adapter/gcs/uploader.go:26.23,28.3 1 1
oracle-etl/internal/adapter/gcs/uploader.go:29.2,29.62 1 1
oracle-etl/internal/adapter/gcs/uploader.go:33.50,35.18 2 1
oracle-etl/internal/adapter/gcs/uploader.go:35.18,37.3 1 0
oracle-etl/internal/adapter/gcs/uploader.go:38.2,38.42 1 1
oracle-etl/internal/adapter/gcs/uploader.go:42.49,44.18 2 0
oracle-etl/internal/adapter/gcs/uploader.go:44.18,46.3 1 0
oracle-etl/internal/adapter/gcs/uploader.go:47.2,47.41 1 0
oracle-etl/internal/adapter/gcs/uploader.go:63.50,64.26 1 1
oracle-etl/internal/adapter/gcs/uploader.go:64.26,66.3 1 0
oracle-etl/internal/adapter/gcs/uploader.go:67.2,67.59 1 1
oracle-etl/internal/adapter/gcs/uploader.go:71.47,72.21 1 1
oracle-etl/internal/adapter/gcs/uploader.go:72.21,74.3 1 0
oracle-etl/internal/adapter/gcs/uploader.go:75.2,75.54 1 1
oracle-etl/internal/adapter/gcs/uploader.go:79.45,80.21 1 1
oracle-etl/internal/adapter/gcs/uploader.go:80.21,82.3 1 0
oracle-etl/internal/adapter/gcs/uploader.go:83.2,83.71 1 1
oracle-etl/internal/adapter/gcs/uploader.go:102.51,107.2 1 6
oracle-etl/internal/adapter/gcs/uploader.go:110.157,114.9 2 4
oracle-etl/internal/adapter/gcs/uploader.go:115.20,116.24 1 1
oracle-etl/internal/adapter/gcs/uploader.go:117.10,117.10 0 3
oracle-etl/internal/adapter/gcs/uploader.go:121.2,122.16 2 3
oracle-etl/internal/adapter/gcs/uploader.go:122.16,124.3 1 0
oracle-etl/internal/adapter/gcs/uploader.go:125.2,134.27 6 3
oracle-etl/internal/adapter/gcs/uploader.go:134.27,136.10 1 105
oracle-etl/internal/adapter/gcs/uploader.go:137.21,139.25 2 0
oracle-etl/internal/adapter/gcs/uploader.go:140.11,140.11 0 105
oracle-etl/internal/adapter/gcs/uploader.go:143.3,143.50 1 105
oracle-etl/internal/adapter/gcs/uploader.go:143.50,146.4 2 0
oracle-etl/internal/adapter/gcs/uploader.go:147.3,150.72 2 105
oracle-etl/internal/adapter/gcs/uploader.go:150.72,159.4 2 0
oracle-etl/internal/adapter/gcs/uploader.go:163.2,163.45 1 3
oracle-etl/internal/adapter/gcs/uploader.go:163.45,166.3 2 0
oracle-etl/internal/adapter/gcs/uploader.go:169.2,169.43 1 3
oracle-etl/internal/adapter/gcs/uploader.go:169.43,171.3 1 0
oracle-etl/internal/adapter/gcs/uploader.go:174.2,174.21 1 3
oracle-etl/internal/adapter/gcs/uploader.go:174.21,182.3 1 1
oracle-etl/internal/adapter/gcs/uploader.go:184.2,190.8 1 3
oracle-etl/internal/adapter/gcs/uploader.go:194.171,199.16 3 1
oracle-etl/internal/adapter/gcs/uploader.go:199.16,201.3 1 0
oracle-etl/internal/adapter/gcs/uploader.go:202.2,211.6 6 1
oracle-etl/internal/adapter/gcs/uploader.go:211.6,212.10 1 51
oracle-etl/internal/adapter/gcs/uploader.go:213.21,215.25 2 0
oracle-etl/internal/adapter/gcs/uploader.go:217.29,218.11 1 51
oracle-etl/internal/adapter/gcs/uploader.go:218.11,220.48 1 1
oracle-etl/internal/adapter/gcs/uploader.go:220.48,223.6 2 0
oracle-etl/internal/adapter/gcs/uploader.go:225.5,225.46 1 1
oracle-etl/internal/adapter/gcs/uploader.go:225.46,227.6 1 0
oracle-etl/internal/adapter/gcs/uploader.go:230.5,230.24 1 1
oracle-etl/internal/adapter/gcs/uploader.go:230.24,238.6 1 0
oracle-etl/internal/adapter/gcs/uploader.go:240.5,246.11 1 1
oracle-etl/internal/adapter/gcs/uploader.go:249.4,249.51 1 50
oracle-etl/internal/adapter/gcs/uploader.go:249.51,252.5 2 0
oracle-etl/internal/adapter/gcs/uploader.go:253.4,256.73 2 50
oracle-etl/internal/adapter/gcs/uploader.go:256.73,265.5 2 0
oracle-etl/internal/adapter/gcs/uploader.go:277.59,282.2 1 0
oracle-etl/internal/adapter/gcs/uploader.go:285.185,288.2 2 0
oracle-etl/internal/adapter/gcs/uploader.go:291.199,294.2 2 0
oracle-etl/internal/domain/extraction.go:71.51,77.2 1 0
oracle-etl/internal/domain/extraction.go:108.61,115.2 1 0
oracle-etl/internal/domain/extraction.go:118.30,122.2 3 0
oracle-etl/internal/domain/extraction.go:125.74,132.2 6 0
oracle-etl/internal/domain/extraction.go:135.38,139.16 4 0
oracle-etl/internal/domain/extraction.go:139.16,142.3 2 0
oracle-etl/internal/domain/job.go:26.38,28.2 1 0
oracle-etl/internal/domain/job.go:39.47,40.20 1 0
oracle-etl/internal/domain/job.go:40.20,42.3 1 0
oracle-etl/internal/domain/job.go:61.67,63.2 1 19
oracle-etl/internal/domain/job.go:66.38,68.2 1 0
oracle-etl/internal/domain/job.go:71.55,82.2 2 22
oracle-etl/internal/domain/job.go:85.23,89.2 3 1
oracle-etl/internal/domain/job.go:92.26,96.24 4 0
oracle-etl/internal/domain/job.go:96.24,99.3 2 0
oracle-etl/internal/domain/job.go:103.31,107.16 4 0
oracle-etl/internal/domain/job.go:107.16,110.3 2 0
oracle-etl/internal/domain/job.go:111.2,111.24 1 0
oracle-etl/internal/domain/job.go:111.24,114.3 2 0
oracle-etl/internal/domain/job.go:118.24,122.24 4 0
oracle-etl/internal/domain/job.go:122.24,124.3 1 0
oracle-etl/internal/domain/job.go:128.45,130.2 1 0
oracle-etl/internal/domain/job.go:133.31,135.36 2 0
oracle-etl/internal/domain/job.go:135.36,138.3 2 0
oracle-etl/internal/domain/job.go:139.2,141.36 3 0
oracle-etl/internal/domain/job.go:169.43,174.2 1 3
oracle-etl/internal/domain/transport.go:43.49,46.25 2 5
oracle-etl/internal/domain/transport.go:46.25,48.3 1 0
oracle-etl/internal/domain/transport.go:49.2,49.43 1 5
oracle-etl/internal/domain/transport.go:53.77,65.2 2 10
oracle-etl/internal/domain/transport.go:68.38,69.16 1 0
oracle-etl/internal/domain/transport.go:69.16,71.3 1 0
oracle-etl/internal/domain/transport.go:72.2,72.18 1 0
oracle-etl/internal/domain/transport.go:72.18,74.3 1 0
oracle-etl/internal/domain/transport.go:75.2,75.24 1 0
oracle-etl/internal/domain/transport.go:75.24,77.3 1 0
oracle-etl/internal/domain/transport.go:78.2,78.12 1 0
oracle-etl/internal/domain/transport.go:82.39,84.2 1 0
oracle-etl/internal/domain/transport.go:94.51,95.18 1 0
oracle-etl/internal/domain/transport.go:95.18,97.3 1 0
oracle-etl/internal/domain/transport.go:98.2,98.24 1 0
oracle-etl/internal/domain/transport.go:98.24,100.3 1 0
oracle-etl/internal/domain/transport.go:101.2,101.12 1 0
oracle-etl/internal/repository/memory/job_repo.go:21.50,25.2 1 8
oracle-etl/internal/repository/memory/job_repo.go:28.76,32.41 3 23
oracle-etl/internal/repository/memory/job_repo.go:32.41,34.3 1 1
oracle-etl/internal/repository/memory/job_repo.go:37.2,42.12 5 22
oracle-etl/internal/repository/memory/job_repo.go:46.86,51.13 4 3
oracle-etl/internal/repository/memory/job_repo.go:51.13,53.3 1 1
oracle-etl/internal/repository/memory/job_repo.go:56.2,59.21 4 2
oracle-etl/internal/repository/memory/job_repo.go:63.107,69.27 4 4
oracle-etl/internal/repository/memory/job_repo.go:69.27,71.70 1 13
oracle-etl/internal/repository/memory/job_repo.go:71.70,72.12 1 2
oracle-etl/internal/repository/memory/job_repo.go:75.3,75.55 1 11
oracle-etl/internal/repository/memory/job_repo.go:75.55,76.12 1 1
oracle-etl/internal/repository/memory/job_repo.go:78.3,78.26 1 10
oracle-etl/internal/repository/memory/job_repo.go:82.2,82.39 1 4
oracle-etl/internal/repository/memory/job_repo.go:82.39,84.3 1 14
oracle-etl/internal/repository/memory/job_repo.go:86.2,89.32 2 4
oracle-etl/internal/repository/memory/job_repo.go:89.32,91.3 1 1
oracle-etl/internal/repository/memory/job_repo.go:93.2,94.21 2 3
oracle-etl/internal/repository/memory/job_repo.go:94.21,96.3 1 2
oracle-etl/internal/repository/memory/job_repo.go:98.2,98.44 1 3
oracle-etl/internal/repository/memory/job_repo.go:102.76,106.42 3 1
oracle-etl/internal/repository/memory/job_repo.go:106.42,108.3 1 0
oracle-etl/internal/repository/memory/job_repo.go:111.2,116.12 5 1
oracle-etl/internal/repository/memory/job_repo.go:120.109,125.27 4 2
oracle-etl/internal/repository/memory/job_repo.go:125.27,126.61 1 3
oracle-etl/internal/repository/memory/job_repo.go:126.61,128.4 1 3
oracle-etl/internal/repository/memory/job_repo.go:131.2,131.24 1 2
oracle-etl/internal/repository/memory/job_repo.go:135.105,140.27 4 1
oracle-etl/internal/repository/memory/job_repo.go:140.27,141.35 1 3
oracle-etl/internal/repository/memory/job_repo.go:141.35,143.4 1 3
oracle-etl/internal/repository/memory/job_repo.go:147.2,147.39 1 1
oracle-etl/internal/repository/memory/job_repo.go:147.39,149.3 1 3
oracle-etl/internal/repository/memory/job_repo.go:151.2,151.18 1 1
oracle-etl/internal/repository/memory/transport_repo.go:22.62,26.2 1 6
oracle-etl/internal/repository/memory/transport_repo.go:29.94,33.53 3 11
oracle-etl/internal/repository/memory/transport_repo.go:33.53,35.3 1 1
oracle-etl/internal/repository/memory/transport_repo.go:38.2,41.12 3 10
oracle-etl/internal/repository/memory/transport_repo.go:45.98,50.13 4 5
oracle-etl/internal/repository/memory/transport_repo.go:50.13,52.3 1 2
oracle-etl/internal/repository/memory/transport_repo.go:55.2,56.21 2 3
oracle-etl/internal/repository/memory/transport_repo.go:60.109,66.33 4 3
oracle-etl/internal/repository/memory/transport_repo.go:66.33,68.3 1 10
oracle-etl/internal/repository/memory/transport_repo.go:71.2,71.39 1 3
oracle-etl/internal/repository/memory/transport_repo.go:71.39,73.3 1 17
oracle-etl/internal/repository/memory/transport_repo.go:75.2,78.25 2 3
oracle-etl/internal/repository/memory/transport_repo.go:78.25,80.3 1 1
oracle-etl/internal/repository/memory/transport_repo.go:82.2,83.21 2 2
oracle-etl/internal/repository/memory/transport_repo.go:83.21,85.3 1 1
oracle-etl/internal/repository/memory/transport_repo.go:87.2,87.37 1 2
oracle-etl/internal/repository/memory/transport_repo.go:91.94,95.54 3 1
oracle-etl/internal/repository/memory/transport_repo.go:95.54,97.3 1 0
oracle-etl/internal/repository/memory/transport_repo.go:100.2,106.12 4 1
oracle-etl/internal/repository/memory/transport_repo.go:110.76,114.44 3 2
oracle-etl/internal/repository/memory/transport_repo.go:114.44,116.3 1 1
oracle-etl/internal/repository/memory/transport_repo.go:118.2,119.12 2 1
oracle-etl/internal/repository/memory/transport_repo.go:123.113,128.13 4 1
oracle-etl/internal/repository/memory/transport_repo.go:128.13,130.3 1 0
oracle-etl/internal/repository/memory/transport_repo.go:132.2,135.12 3 1
oracle-etl/internal/adapter/handler/health.go:23.54,27.2 1 3
oracle-etl/internal/adapter/handler/health.go:30.51,38.2 2 3
oracle-etl/internal/adapter/handler/job.go:20.60,24.2 1 4
oracle-etl/internal/adapter/handler/job.go:28.47,32.63 2 4
oracle-etl/internal/adapter/handler/job.go:32.63,34.3 1 2
oracle-etl/internal/adapter/handler/job.go:35.2,35.47 1 4
oracle-etl/internal/adapter/handler/job.go:35.47,37.3 1 1
oracle-etl/internal/adapter/handler/job.go:38.2,38.69 1 4
oracle-etl/internal/adapter/handler/job.go:38.69,40.3 1 4
oracle-etl/internal/adapter/handler/job.go:41.2,41.68 1 4
oracle-etl/internal/adapter/handler/job.go:41.68,43.3 1 4
oracle-etl/internal/adapter/handler/job.go:45.2,46.16 2 4
oracle-etl/internal/adapter/handler/job.go:46.16,51.3 1 0
oracle-etl/internal/adapter/handler/job.go:53.2,53.21 1 4
oracle-etl/internal/adapter/handler/job.go:58.50,63.16 3 2
oracle-etl/internal/adapter/handler/job.go:63.16,68.3 1 1
oracle-etl/internal/adapter/handler/job.go:70.2,70.20 1 1
oracle-etl/internal/adapter/handler/oracle.go:15.62,19.2 1 2
oracle-etl/internal/adapter/handler/oracle.go:34.55,38.16 3 2
oracle-etl/internal/adapter/handler/oracle.go:38.16,44.3 1 1
oracle-etl/internal/adapter/handler/oracle.go:46.2,46.23 1 1
oracle-etl/internal/adapter/handler/status.go:21.68,25.2 1 4
oracle-etl/internal/adapter/handler/status.go:29.55,40.56 6 3
oracle-etl/internal/adapter/handler/status.go:40.56,58.7 6 3
oracle-etl/internal/adapter/handler/status.go:58.7,59.11 1 4
oracle-etl/internal/adapter/handler/status.go:60.38,61.12 1 1
oracle-etl/internal/adapter/handler/status.go:61.12,64.6 1 0
oracle-etl/internal/adapter/handler/status.go:65.5,66.37 2 1
oracle-etl/internal/adapter/handler/status.go:66.37,69.6 1 0
oracle-etl/internal/adapter/handler/status.go:71.23,73.11 1 3
oracle-etl/internal/adapter/handler/status.go:78.2,78.12 1 3
oracle-etl/internal/adapter/handler/status.go:82.76,88.16 3 4
oracle-etl/internal/adapter/handler/status.go:88.16,90.3 1 0
oracle-etl/internal/adapter/handler/status.go:91.2,91.46 1 4
oracle-etl/internal/adapter/handler/table.go:17.81,22.2 1 7
oracle-etl/internal/adapter/handler/table.go:38.54,43.17 3 4
oracle-etl/internal/adapter/handler/table.go:43.17,48.3 1 1
oracle-etl/internal/adapter/handler/table.go:50.2,51.16 2 3
oracle-etl/internal/adapter/handler/table.go:51.16,57.3 1 1
oracle-etl/internal/adapter/handler/table.go:59.2,64.25 2 2
oracle-etl/internal/adapter/handler/table.go:79.58,84.21 3 3
oracle-etl/internal/adapter/handler/table.go:84.21,89.3 1 0
oracle-etl/internal/adapter/handler/table.go:92.2,93.17 2 3
oracle-etl/internal/adapter/handler/table.go:93.17,98.3 1 0
oracle-etl/internal/adapter/handler/table.go:100.2,101.16 2 3
oracle-etl/internal/adapter/handler/table.go:101.16,103.3 1 0
oracle-etl/internal/adapter/handler/table.go:104.2,104.18 1 3
oracle-etl/internal/adapter/handler/table.go:104.18,106.3 1 0
oracle-etl/internal/adapter/handler/table.go:108.2,109.16 2 3
oracle-etl/internal/adapter/handler/table.go:109.16,115.3 1 1
oracle-etl/internal/adapter/handler/table.go:117.2,117.23 1 2
oracle-etl/internal/adapter/handler/table.go:121.60,126.21 3 0
oracle-etl/internal/adapter/handler/table.go:126.21,131.3 1 0
oracle-etl/internal/adapter/handler/table.go:134.2,135.17 2 0
oracle-etl/internal/adapter/handler/table.go:135.17,140.3 1 0
oracle-etl/internal/adapter/handler/table.go:142.2,143.16 2 0
oracle-etl/internal/adapter/handler/table.go:143.16,149.3 1 0
oracle-etl/internal/adapter/handler/table.go:151.2,155.4 1 0
oracle-etl/internal/adapter/handler/transport.go:21.112,26.2 1 9
oracle-etl/internal/adapter/handler/transport.go:30.55,32.43 2 10
oracle-etl/internal/adapter/handler/transport.go:32.43,37.3 1 0
oracle-etl/internal/adapter/handler/transport.go:39.2,40.16 2 10
oracle-etl/internal/adapter/handler/transport.go:40.16,45.3 1 1
oracle-etl/internal/adapter/handler/transport.go:47.2,47.54 1 9
oracle-etl/internal/adapter/handler/transport.go:52.53,57.16 4 1
oracle-etl/internal/adapter/handler/transport.go:57.16,62.3 1 0
oracle-etl/internal/adapter/handler/transport.go:64.2,64.21 1 1
oracle-etl/internal/adapter/handler/transport.go:69.56,74.16 3 3
oracle-etl/internal/adapter/handler/transport.go:74.16,79.3 1 2
oracle-etl/internal/adapter/handler/transport.go:81.2,81.26 1 1
oracle-etl/internal/adapter/handler/transport.go:86.55,90.63 2 1
oracle-etl/internal/adapter/handler/transport.go:90.63,95.3 1 0
oracle-etl/internal/adapter/handler/transport.go:97.2,97.44 1 1
oracle-etl/internal/adapter/handler/transport.go:102.56,108.16 3 5
oracle-etl/internal/adapter/handler/transport.go:108.16,113.3 1 0
oracle-etl/internal/adapter/handler/transport.go:115.2,115.29 1 5
oracle-etl/internal/adapter/handler/transport.go:115.29,120.3 1 0
oracle-etl/internal/adapter/handler/transport.go:123.2,124.16 2 5
oracle-etl/internal/adapter/handler/transport.go:124.16,129.3 1 0
oracle-etl/internal/adapter/handler/transport.go:132.2,142.50 2 5
oracle-etl/internal/domain/extraction.go:71.51,77.2 1 0
oracle-etl/internal/domain/extraction.go:108.61,115.2 1 0
oracle-etl/internal/domain/extraction.go:118.30,122.2 3 0
oracle-etl/internal/domain/extraction.go:125.74,132.2 6 0
oracle-etl/internal/domain/extraction.go:135.38,139.16 4 0
oracle-etl/internal/domain/extraction.go:139.16,142.3 2 0
oracle-etl/internal/domain/job.go:26.38,28.2 1 0
oracle-etl/internal/domain/job.go:39.47,40.20 1 0
oracle-etl/internal/domain/job.go:40.20,42.3 1 0
oracle-etl/internal/domain/job.go:61.67,63.2 1 5
oracle-etl/internal/domain/job.go:66.38,68.2 1 0
oracle-etl/internal/domain/job.go:71.55,82.2 2 5
oracle-etl/internal/domain/job.go:85.23,89.2 3 0
oracle-etl/internal/domain/job.go:92.26,96.24 4 0
oracle-etl/internal/domain/job.go:96.24,99.3 2 0
oracle-etl/internal/domain/job.go:103.31,107.16 4 0
oracle-etl/internal/domain/job.go:107.16,110.3 2 0
oracle-etl/internal/domain/job.go:111.2,111.24 1 0
oracle-etl/internal/domain/job.go:111.24,114.3 2 0
oracle-etl/internal/domain/job.go:118.24,122.24 4 0
oracle-etl/internal/domain/job.go:122.24,124.3 1 0
oracle-etl/internal/domain/job.go:128.45,130.2 1 0
oracle-etl/internal/domain/job.go:133.31,135.36 2 0
oracle-etl/internal/domain/job.go:135.36,138.3 2 0
oracle-etl/internal/domain/job.go:139.2,141.36 3 0
oracle-etl/internal/domain/job.go:169.43,174.2 1 4
oracle-etl/internal/domain/transport.go:43.49,46.25 2 9
oracle-etl/internal/domain/transport.go:46.25,48.3 1 9
oracle-etl/internal/domain/transport.go:49.2,49.43 1 0
oracle-etl/internal/domain/transport.go:53.77,65.2 2 9
oracle-etl/internal/domain/transport.go:68.38,69.16 1 0
oracle-etl/internal/domain/transport.go:69.16,71.3 1 0
oracle-etl/internal/domain/transport.go:72.2,72.18 1 0
oracle-etl/internal/domain/transport.go:72.18,74.3 1 0
oracle-etl/internal/domain/transport.go:75.2,75.24 1 0
oracle-etl/internal/domain/transport.go:75.24,77.3 1 0
oracle-etl/internal/domain/transport.go:78.2,78.12 1 0
oracle-etl/internal/domain/transport.go:82.39,84.2 1 5
oracle-etl/internal/domain/transport.go:94.51,95.18 1 10
oracle-etl/internal/domain/transport.go:95.18,97.3 1 1
oracle-etl/internal/domain/transport.go:98.2,98.24 1 9
oracle-etl/internal/domain/transport.go:98.24,100.3 1 0
oracle-etl/internal/domain/transport.go:101.2,101.12 1 9
oracle-etl/internal/adapter/oracle/extractor.go:27.55,31.2 1 6
oracle-etl/internal/adapter/oracle/extractor.go:34.168,36.25 1 4
oracle-etl/internal/adapter/oracle/extractor.go:36.25,38.3 1 1
oracle-etl/internal/adapter/oracle/extractor.go:39.2,39.30 1 4
oracle-etl/internal/adapter/oracle/extractor.go:39.30,41.3 1 1
oracle-etl/internal/adapter/oracle/extractor.go:43.2,43.69 1 4
oracle-etl/internal/adapter/oracle/extractor.go:47.196,48.22 1 2
oracle-etl/internal/adapter/oracle/extractor.go:48.22,50.3 1 0
oracle-etl/internal/adapter/oracle/extractor.go:53.2,62.39 5 2
oracle-etl/internal/adapter/oracle/extractor.go:62.39,64.25 2 5
oracle-etl/internal/adapter/oracle/extractor.go:64.25,69.17 3 5
oracle-etl/internal/adapter/oracle/extractor.go:69.17,69.26 1 5
oracle-etl/internal/adapter/oracle/extractor.go:72.4,72.11 1 5
oracle-etl/internal/adapter/oracle/extractor.go:73.22,75.11 2 2
oracle-etl/internal/adapter/oracle/extractor.go:76.12,76.12 0 3
oracle-etl/internal/adapter/oracle/extractor.go:80.4,80.97 1 3
oracle-etl/internal/adapter/oracle/extractor.go:80.97,84.5 3 3
oracle-etl/internal/adapter/oracle/extractor.go:85.4,85.18 1 3
oracle-etl/internal/adapter/oracle/extractor.go:85.18,87.5 1 0
oracle-etl/internal/adapter/oracle/extractor.go:92.2,97.25 4 2
oracle-etl/internal/adapter/oracle/extractor.go:97.25,99.3 1 2
oracle-etl/internal/adapter/oracle/extractor.go:101.2,101.21 1 2
oracle-etl/internal/adapter/oracle/extractor.go:101.21,103.3 1 1
oracle-etl/internal/adapter/oracle/extractor.go:105.2,105.12 1 1
oracle-etl/internal/adapter/oracle/mock_repository.go:41.42,74.2 1 13
oracle-etl/internal/adapter/oracle/mock_repository.go:77.87,79.19 2 2
oracle-etl/internal/adapter/oracle/mock_repository.go:79.19,81.3 1 1
oracle-etl/internal/adapter/oracle/mock_repository.go:82.2,82.26 1 1
oracle-etl/internal/adapter/oracle/mock_repository.go:86.99,88.19 2 1
oracle-etl/internal/adapter/oracle/mock_repository.go:88.19,90.3 1 0
oracle-etl/internal/adapter/oracle/mock_repository.go:91.2,91.26 1 1
oracle-etl/internal/adapter/oracle/mock_repository.go:95.117,96.19 1 0
oracle-etl/internal/adapter/oracle/mock_repository.go:96.19,98.3 1 0
oracle-etl/internal/adapter/oracle/mock_repository.go:99.2,99.27 1 0
oracle-etl/internal/adapter/oracle/mock_repository.go:103.125,105.19 2 1
oracle-etl/internal/adapter/oracle/mock_repository.go:105.19,107.3 1 0
oracle-etl/internal/adapter/oracle/mock_repository.go:108.2,108.30 1 1
oracle-etl/internal/adapter/oracle/mock_repository.go:112.177,118.34 4 8
oracle-etl/internal/adapter/oracle/mock_repository.go:118.34,120.3 1 0
oracle-etl/internal/adapter/oracle/mock_repository.go:123.2,123.45 1 8
oracle-etl/internal/adapter/oracle/mock_repository.go:123.45,125.3 1 0
oracle-etl/internal/adapter/oracle/mock_repository.go:127.2,127.19 1 8
oracle-etl/internal/adapter/oracle/mock_repository.go:127.19,129.3 1 1
oracle-etl/internal/adapter/oracle/mock_repository.go:132.2,132.37 1 7
oracle-etl/internal/adapter/oracle/mock_repository.go:132.37,135.32 2 9
oracle-etl/internal/adapter/oracle/mock_repository.go:135.32,137.4 1 3
oracle-etl/internal/adapter/oracle/mock_repository.go:138.3,138.50 1 9
oracle-etl/internal/adapter/oracle/mock_repository.go:138.50,140.4 1 1
oracle-etl/internal/adapter/oracle/mock_repository.go:142.2,142.12 1 6
oracle-etl/internal/adapter/oracle/mock_repository.go:146.58,148.19 2 1
oracle-etl/internal/adapter/oracle/mock_repository.go:148.19,150.3 1 0
oracle-etl/internal/adapter/oracle/mock_repository.go:151.2,151.12 1 1
oracle-etl/internal/adapter/oracle/mock_repository.go:155.40,158.2 2 1
oracle-etl/internal/adapter/oracle/pool.go:31.37,39.2 1 1
oracle-etl/internal/adapter/oracle/pool.go:53.45,55.27 1 0
oracle-etl/internal/adapter/oracle/pool.go:55.27,57.3 1 0
oracle-etl/internal/adapter/oracle/pool.go:58.2,58.27 1 0
oracle-etl/internal/adapter/oracle/pool.go:58.27,60.3 1 0
oracle-etl/internal/adapter/oracle/pool.go:61.2,61.29 1 0
oracle-etl/internal/adapter/oracle/pool.go:61.29,63.3 1 0
oracle-etl/internal/adapter/oracle/pool.go:64.2,64.29 1 0
oracle-etl/internal/adapter/oracle/pool.go:64.29,66.3 1 0
oracle-etl/internal/adapter/oracle/pool.go:69.2,70.26 2 0
oracle-etl/internal/adapter/oracle/pool.go:70.26,78.3 1 0
oracle-etl/internal/adapter/oracle/pool.go:78.8,84.3 1 0
oracle-etl/internal/adapter/oracle/pool.go:86.2,87.16 2 0
oracle-etl/internal/adapter/oracle/pool.go:87.16,89.3 1 0
oracle-etl/internal/adapter/oracle/pool.go:92.2,101.18 5 0
oracle-etl/internal/adapter/oracle/pool.go:105.29,107.2 1 0
oracle-etl/internal/adapter/oracle/pool.go:110.48,112.2 1 0
oracle-etl/internal/adapter/oracle/pool.go:115.30,117.2 1 0
oracle-etl/internal/adapter/oracle/pool.go:120.77,126.36 2 0
oracle-etl/internal/adapter/oracle/pool.go:126.36,130.3 3 0
oracle-etl/internal/adapter/oracle/pool.go:132.2,137.16 4 0
oracle-etl/internal/adapter/oracle/pool.go:137.16,140.3 1 0
oracle-etl/internal/adapter/oracle/pool.go:141.2,146.16 4 0
oracle-etl/internal/adapter/oracle/pool.go:146.16,148.3 1 0
oracle-etl/internal/adapter/oracle/pool.go:149.2,159.20 4 0
oracle-etl/internal/adapter/oracle/pool.go:163.89,176.16 3 0
oracle-etl/internal/adapter/oracle/pool.go:176.16,178.3 1 0
oracle-etl/internal/adapter/oracle/pool.go:179.2,182.18 3 0
oracle-etl/internal/adapter/oracle/pool.go:182.18,184.83 2 0
oracle-etl/internal/adapter/oracle/pool.go:184.83,186.4 1 0
oracle-etl/internal/adapter/oracle/pool.go:187.3,187.29 1 0
oracle-etl/internal/adapter/oracle/pool.go:190.2,190.35 1 0
oracle-etl/internal/adapter/oracle/pool.go:190.35,192.3 1 0
oracle-etl/internal/adapter/oracle/pool.go:194.2,194.20 1 0
oracle-etl/internal/adapter/oracle/pool.go:198.107,211.16 3 0
oracle-etl/internal/adapter/oracle/pool.go:211.16,213.3 1 0
oracle-etl/internal/adapter/oracle/pool.go:214.2,217.18 3 0
oracle-etl/internal/adapter/oracle/pool.go:217.18,220.81 3 0
oracle-etl/internal/adapter/oracle/pool.go:220.81,222.4 1 0
oracle-etl/internal/adapter/oracle/pool.go:223.3,224.31 2 0
oracle-etl/internal/adapter/oracle/pool.go:227.2,227.35 1 0
oracle-etl/internal/adapter/oracle/pool.go:227.35,229.3 1 0
oracle-etl/internal/adapter/oracle/pool.go:231.2,231.21 1 0
oracle-etl/internal/adapter/oracle/pool.go:235.115,236.16 1 0
oracle-etl/internal/adapter/oracle/pool.go:236.16,238.3 1 0
oracle-etl/internal/adapter/oracle/pool.go:241.2,242.16 2 0
oracle-etl/internal/adapter/oracle/pool.go:242.16,244.3 1 0
oracle-etl/internal/adapter/oracle/pool.go:246.2,247.28 2 0
oracle-etl/internal/adapter/oracle/pool.go:247.28,249.3 1 0
oracle-etl/internal/adapter/oracle/pool.go:253.2,255.16 3 0
oracle-etl/internal/adapter/oracle/pool.go:255.16,257.3 1 0
oracle-etl/internal/adapter/oracle/pool.go:258.2,268.16 4 0
oracle-etl/internal/adapter/oracle/pool.go:268.16,270.3 1 0
oracle-etl/internal/adapter/oracle/pool.go:272.2,272.18 1 0
oracle-etl/internal/adapter/oracle/pool.go:272.18,276.25 3 0
oracle-etl/internal/adapter/oracle/pool.go:276.25,278.4 1 0
oracle-etl/internal/adapter/oracle/pool.go:280.3,280.49 1 0
oracle-etl/internal/adapter/oracle/pool.go:280.49,282.4 1 0
oracle-etl/internal/adapter/oracle/pool.go:284.3,285.35 2 0
oracle-etl/internal/adapter/oracle/pool.go:285.35,287.4 1 0
oracle-etl/internal/adapter/oracle/pool.go:288.3,288.37 1 0
oracle-etl/internal/adapter/oracle/pool.go:291.2,291.35 1 0
oracle-etl/internal/adapter/oracle/pool.go:291.35,293.3 1 0
oracle-etl/internal/adapter/oracle/pool.go:295.2,296.18 2 0
oracle-etl/internal/adapter/oracle/pool.go:300.167,301.25 1 0
oracle-etl/internal/adapter/oracle/pool.go:301.25,303.3 1 0
oracle-etl/internal/adapter/oracle/pool.go:304.2,304.30 1 0
oracle-etl/internal/adapter/oracle/pool.go:304.30,306.3 1 0
oracle-etl/internal/adapter/oracle/pool.go:310.2,312.16 3 0
oracle-etl/internal/adapter/oracle/pool.go:312.16,314.3 1 0
oracle-etl/internal/adapter/oracle/pool.go:315.2,319.16 3 0
oracle-etl/internal/adapter/oracle/pool.go:319.16,321.3 1 0
oracle-etl/internal/adapter/oracle/pool.go:323.2,324.30 2 0
oracle-etl/internal/adapter/oracle/pool.go:324.30,326.3 1 0
oracle-etl/internal/adapter/oracle/pool.go:328.2,332.18 4 0
oracle-etl/internal/adapter/oracle/pool.go:332.18,336.25 3 0
oracle-etl/internal/adapter/oracle/pool.go:336.25,338.4 1 0
oracle-etl/internal/adapter/oracle/pool.go:340.3,340.49 1 0
oracle-etl/internal/adapter/oracle/pool.go:340.49,342.4 1 0
oracle-etl/internal/adapter/oracle/pool.go:344.3,345.35 2 0
oracle-etl/internal/adapter/oracle/pool.go:345.35,347.4 1 0
oracle-etl/internal/adapter/oracle/pool.go:348.3,351.39 2 0
oracle-etl/internal/adapter/oracle/pool.go:351.39,362.46 4 0
oracle-etl/internal/adapter/oracle/pool.go:362.46,364.5 1 0
oracle-etl/internal/adapter/oracle/pool.go:365.4,365.65 1 0
oracle-etl/internal/adapter/oracle/pool.go:369.2,369.35 1 0
oracle-etl/internal/adapter/oracle/pool.go:369.35,371.3 1 0
oracle-etl/internal/adapter/oracle/pool.go:374.2,374.24 1 0
oracle-etl/internal/adapter/oracle/pool.go:374.24,385.45 4 0
oracle-etl/internal/adapter/oracle/pool.go:385.45,387.4 1 0
oracle-etl/internal/adapter/oracle/pool.go:390.2,390.12 1 0
oracle-etl/internal/adapter/oracle/pool.go:394.43,397.29 2 3
oracle-etl/internal/adapter/oracle/pool.go:397.29,398.67 1 16
oracle-etl/internal/adapter/oracle/pool.go:398.67,400.4 1 2
oracle-etl/internal/adapter/oracle/pool.go:402.2,402.15 1 1
oracle-etl/internal/adapter/oracle/pool.go:406.46,407.14 1 5
oracle-etl/internal/adapter/oracle/pool.go:407.14,409.3 1 1
oracle-etl/internal/adapter/oracle/pool.go:410.2,410.25 1 4
oracle-etl/internal/adapter/oracle/pool.go:411.14,412.21 1 1
oracle-etl/internal/adapter/oracle/pool.go:413.17,414.34 1 1
oracle-etl/internal/adapter/oracle/pool.go:415.10,416.13 1 2
oracle-etl/internal/domain/extraction.go:71.51,77.2 1 7
oracle-etl/internal/domain/extraction.go:108.61,115.2 1 0
oracle-etl/internal/domain/extraction.go:118.30,122.2 3 0
oracle-etl/internal/domain/extraction.go:125.74,132.2 6 0
oracle-etl/internal/domain/extraction.go:135.38,139.16 4 0
oracle-etl/internal/domain/extraction.go:139.16,142.3 2 0
oracle-etl/internal/domain/job.go:26.38,28.2 1 0
oracle-etl/internal/domain/job.go:39.47,40.20 1 0
oracle-etl/internal/domain/job.go:40.20,42.3 1 0
oracle-etl/internal/domain/job.go:61.67,63.2 1 0
oracle-etl/internal/domain/job.go:66.38,68.2 1 0
oracle-etl/internal/domain/job.go:71.55,82.2 2 0
oracle-etl/internal/domain/job.go:85.23,89.2 3 0
oracle-etl/internal/domain/job.go:92.26,96.24 4 0
oracle-etl/internal/domain/job.go:96.24,99.3 2 0
oracle-etl/internal/domain/job.go:103.31,107.16 4 0
oracle-etl/internal/domain/job.go:107.16,110.3 2 0
oracle-etl/internal/domain/job.go:111.2,111.24 1 0
oracle-etl/internal/domain/job.go:111.24,114.3 2 0
oracle-etl/internal/domain/job.go:118.24,122.24 4 0
oracle-etl/internal/domain/job.go:122.24,124.3 1 0
oracle-etl/internal/domain/job.go:128.45,130.2 1 0
oracle-etl/internal/domain/job.go:133.31,135.36 2 0
oracle-etl/internal/domain/job.go:135.36,138.3 2 0
oracle-etl/internal/domain/job.go:139.2,141.36 3 0
oracle-etl/internal/domain/job.go:169.43,174.2 1 0
oracle-etl/internal/domain/transport.go:43.49,46.25 2 0
oracle-etl/internal/domain/transport.go:46.25,48.3 1 0
oracle-etl/internal/domain/transport.go:49.2,49.43 1 0
oracle-etl/internal/domain/transport.go:53.77,65.2 2 0
oracle-etl/internal/domain/transport.go:68.38,69.16 1 0
oracle-etl/internal/domain/transport.go:69.16,71.3 1 0
oracle-etl/internal/domain/transport.go:72.2,72.18 1 0
oracle-etl/internal/domain/transport.go:72.18,74.3 1 0
oracle-etl/internal/domain/transport.go:75.2,75.24 1 0
oracle-etl/internal/domain/transport.go:75.24,77.3 1 0
oracle-etl/internal/domain/transport.go:78.2,78.12 1 0
oracle-etl/internal/domain/transport.go:82.39,84.2 1 0
oracle-etl/internal/domain/transport.go:94.51,95.18 1 0
oracle-etl/internal/domain/transport.go:95.18,97.3 1 0
oracle-etl/internal/domain/transport.go:98.2,98.24 1 0
oracle-etl/internal/domain/transport.go:98.24,100.3 1 0
oracle-etl/internal/domain/transport.go:101.2,101.12 1 0
oracle-etl/internal/config/config.go:95.47,117.42 10 7
oracle-etl/internal/config/config.go:117.42,119.3 1 0
oracle-etl/internal/config/config.go:121.2,121.18 1 7
oracle-etl/internal/config/config.go:125.34,159.2 22 7
oracle-etl/internal/config/config.go:162.34,207.2 29 7
oracle-etl/internal/config/config.go:210.35,212.48 1 8
oracle-etl/internal/config/config.go:212.48,214.3 1 2
oracle-etl/internal/config/config.go:217.2,217.28 1 6
oracle-etl/internal/config/config.go:217.28,218.30 1 2
oracle-etl/internal/config/config.go:218.30,220.4 1 1
oracle-etl/internal/config/config.go:221.3,221.27 1 1
oracle-etl/internal/config/config.go:221.27,223.4 1 0
oracle-etl/internal/config/config.go:224.3,224.42 1 1
oracle-etl/internal/config/config.go:224.42,226.4 1 0
oracle-etl/internal/config/config.go:230.2,230.28 1 5
oracle-etl/internal/config/config.go:230.28,231.28 1 2
oracle-etl/internal/config/config.go:231.28,233.4 1 1
oracle-etl/internal/config/config.go:237.2,237.20 1 4
oracle-etl/internal/config/config.go:237.20,238.60 1 0
oracle-etl/internal/config/config.go:238.60,240.4 1 0
oracle-etl/internal/config/config.go:244.2,244.25 1 4
oracle-etl/internal/config/config.go:244.25,245.41 1 0
oracle-etl/internal/config/config.go:245.41,247.4 1 0
oracle-etl/internal/config/config.go:250.2,250.12 1 4
oracle-etl/internal/config/config.go:254.41,256.2 1 3
oracle-etl/internal/config/config.go:259.38,261.2 1 4
oracle-etl/internal/config/config.go:264.48,265.31 1 4
oracle-etl/internal/config/config.go:265.31,267.3 1 2
oracle-etl/internal/config/config.go:268.2,268.58 1 2
oracle-etl/internal/adapter/sse/broadcaster.go:36.36,41.2 1 12
oracle-etl/internal/adapter/sse/broadcaster.go:45.48,46.6 1 11
oracle-etl/internal/adapter/sse/broadcaster.go:46.6,47.10 1 130
oracle-etl/internal/adapter/sse/broadcaster.go:48.21,50.54 1 11
oracle-etl/internal/adapter/sse/broadcaster.go:50.54,51.42 1 9
oracle-etl/internal/adapter/sse/broadcaster.go:51.42,52.13 1 9
oracle-etl/internal/adapter/sse/broadcaster.go:53.25,53.25 0 0
oracle-etl/internal/adapter/sse/broadcaster.go:55.14,56.25 1 9
oracle-etl/internal/adapter/sse/broadcaster.go:59.5,59.16 1 9
oracle-etl/internal/adapter/sse/broadcaster.go:61.4,61.10 1 11
oracle-etl/internal/adapter/sse/broadcaster.go:63.28,67.19 3 64
oracle-etl/internal/adapter/sse/broadcaster.go:69.35,70.58 1 55
oracle-etl/internal/adapter/sse/broadcaster.go:70.58,72.42 2 55
oracle-etl/internal/adapter/sse/broadcaster.go:72.42,74.13 1 55
oracle-etl/internal/adapter/sse/broadcaster.go:75.25,75.25 0 0
oracle-etl/internal/adapter/sse/broadcaster.go:77.14,78.25 1 55
oracle-etl/internal/adapter/sse/broadcaster.go:87.60,102.2 5 64
oracle-etl/internal/adapter/sse/broadcaster.go:105.51,107.2 1 64
oracle-etl/internal/adapter/sse/broadcaster.go:110.69,111.52 1 55
oracle-etl/internal/adapter/sse/broadcaster.go:111.52,113.10 2 1407
oracle-etl/internal/adapter/sse/broadcaster.go:113.10,115.4 1 0
oracle-etl/internal/adapter/sse/broadcaster.go:118.3,118.40 1 1407
oracle-etl/internal/adapter/sse/broadcaster.go:118.40,120.11 1 1406
oracle-etl/internal/adapter/sse/broadcaster.go:121.23,123.16 1 0
oracle-etl/internal/adapter/sse/broadcaster.go:124.12,124.12 0 1406
oracle-etl/internal/adapter/sse/broadcaster.go:128.4,128.11 1 1406
oracle-etl/internal/adapter/sse/broadcaster.go:129.32,129.32 0 1406
oracle-etl/internal/adapter/sse/broadcaster.go:130.23,130.23 0 0
oracle-etl/internal/adapter/sse/broadcaster.go:132.12,132.12 0 0
oracle-etl/internal/adapter/sse/broadcaster.go:136.3,136.14 1 1407
oracle-etl/internal/adapter/sse/broadcaster.go:141.62,146.2 1 51
oracle-etl/internal/adapter/sse/broadcaster.go:149.58,154.2 1 1
oracle-etl/internal/adapter/sse/broadcaster.go:157.56,162.2 1 1
oracle-etl/internal/adapter/sse/broadcaster.go:165.62,170.2 1 1
oracle-etl/internal/adapter/sse/broadcaster.go:173.41,175.2 1 5
oracle-etl/internal/adapter/sse/broadcaster.go:178.71,180.52 2 3
oracle-etl/internal/adapter/sse/broadcaster.go:180.52,181.40 1 9
oracle-etl/internal/adapter/sse/broadcaster.go:181.40,182.41 1 9
oracle-etl/internal/adapter/sse/broadcaster.go:182.41,184.5 1 3
oracle-etl/internal/adapter/sse/broadcaster.go:186.3,186.14 1 9
oracle-etl/internal/adapter/sse/broadcaster.go:188.2,188.14 1 3
oracle-etl/internal/adapter/sse/event.go:40.45,42.16 2 1
oracle-etl/internal/adapter/sse/event.go:42.16,44.3 1 0
oracle-etl/internal/adapter/sse/event.go:45.2,45.75 1 1
oracle-etl/internal/adapter/sse/event.go:61.52,62.22 1 7
oracle-etl/internal/adapter/sse/event.go:62.22,65.3 2 2
oracle-etl/internal/adapter/sse/event.go:66.2,66.77 1 5
oracle-etl/internal/adapter/sse/event.go:70.118,81.2 3 1
oracle-etl/internal/adapter/sse/event.go:92.78,99.2 1 1
oracle-etl/internal/adapter/sse/event.go:112.81,121.2 1 1
oracle-etl/internal/adapter/sse/event.go:135.123,137.20 2 1
oracle-etl/internal/adapter/sse/event.go:137.20,140.3 1 1
oracle-etl/internal/adapter/sse/event.go:141.2,149.3 1 1
oracle-etl/internal/adapter/sse/metrics.go:29.67,35.2 1 10
oracle-etl/internal/adapter/sse/metrics.go:38.34,42.2 3 9
oracle-etl/internal/adapter/sse/metrics.go:45.70,53.2 3 9
oracle-etl/internal/adapter/sse/metrics.go:56.94,60.56 3 106
oracle-etl/internal/adapter/sse/metrics.go:60.56,70.3 6 106
oracle-etl/internal/adapter/sse/metrics.go:74.76,79.13 4 2
oracle-etl/internal/adapter/sse/metrics.go:79.13,81.3 1 0
oracle-etl/internal/adapter/sse/metrics.go:83.2,97.17 4 2
oracle-etl/internal/adapter/sse/metrics.go:97.17,99.3 1 2
oracle-etl/internal/adapter/sse/metrics.go:101.2,101.14 1 2
oracle-etl/internal/adapter/sse/metrics.go:105.60,113.17 6 1
oracle-etl/internal/adapter/sse/metrics.go:113.17,115.3 1 1
oracle-etl/internal/adapter/sse/metrics.go:117.2,125.3 1 1
oracle-etl/internal/adapter/sse/metrics.go:129.54,133.26 3 1
oracle-etl/internal/adapter/sse/metrics.go:133.26,135.3 1 0
oracle-etl/internal/adapter/sse/metrics.go:136.2,136.32 1 1
oracle-etl/internal/adapter/sse/metrics.go:140.34,148.2 6 1
oracle-etl/internal/middleware/auth.go:20.62,21.34 1 11
oracle-etl/internal/middleware/auth.go:21.34,23.19 1 12
oracle-etl/internal/middleware/auth.go:23.19,25.4 1 1
oracle-etl/internal/middleware/auth.go:28.3,29.42 2 11
oracle-etl/internal/middleware/auth.go:29.42,30.24 1 21
oracle-etl/internal/middleware/auth.go:30.24,32.5 1 1
oracle-etl/internal/middleware/auth.go:36.3,37.19 2 10
oracle-etl/internal/middleware/auth.go:37.19,38.43 1 3
oracle-etl/internal/middleware/auth.go:38.43,41.5 2 2
oracle-etl/internal/middleware/auth.go:42.4,42.54 1 1
oracle-etl/internal/middleware/auth.go:46.3,47.47 2 7
oracle-etl/internal/middleware/auth.go:47.47,50.18 3 6
oracle-etl/internal/middleware/auth.go:50.18,52.5 1 3
oracle-etl/internal/middleware/auth.go:55.4,55.45 1 3
oracle-etl/internal/middleware/auth.go:55.45,57.5 1 3
oracle-etl/internal/middleware/auth.go:58.4,59.19 2 3
oracle-etl/internal/middleware/auth.go:63.3,63.58 1 1
oracle-etl/internal/middleware/auth.go:68.58,69.37 1 3
oracle-etl/internal/middleware/auth.go:69.37,70.22 1 3
oracle-etl/internal/middleware/auth.go:70.22,72.4 1 2
oracle-etl/internal/middleware/auth.go:74.2,74.14 1 1
oracle-etl/internal/middleware/auth.go:78.77,79.83 1 6
oracle-etl/internal/middleware/auth.go:79.83,81.58 1 5
oracle-etl/internal/middleware/auth.go:81.58,83.4 1 0
oracle-etl/internal/middleware/auth.go:84.3,84.29 1 5
oracle-etl/internal/middleware/auth.go:87.2,87.16 1 6
oracle-etl/internal/middleware/auth.go:87.16,89.3 1 3
oracle-etl/internal/middleware/auth.go:91.2,91.18 1 3
oracle-etl/internal/middleware/auth.go:91.18,93.3 1 0
oracle-etl/internal/middleware/auth.go:95.2,96.9 2 3
oracle-etl/internal/middleware/auth.go:96.9,98.3 1 0
oracle-etl/internal/middleware/auth.go:100.2,100.20 1 3
oracle-etl/internal/middleware/auth.go:104.52,109.2 1 5
oracle-etl/internal/middleware/cors.go:15.62,16.32 1 11
oracle-etl/internal/middleware/cors.go:16.32,18.35 1 1
oracle-etl/internal/middleware/cors.go:18.35,20.4 1 1
oracle-etl/internal/middleware/cors.go:24.2,42.4 5 10
oracle-etl/internal/middleware/logging.go:13.64,14.34 1 3
oracle-etl/internal/middleware/logging.go:14.34,30.20 8 3
oracle-etl/internal/middleware/logging.go:30.20,32.4 1 1
oracle-etl/internal/middleware/logging.go:32.9,32.27 1 2
oracle-etl/internal/middleware/logging.go:32.27,34.4 1 0
oracle-etl/internal/middleware/logging.go:34.9,36.4 1 2
oracle-etl/internal/middleware/logging.go:38.3,46.13 2 3
oracle-etl/internal/middleware/masking.go:34.45,35.17 1 26
oracle-etl/internal/middleware/masking.go:35.17,37.3 1 1
oracle-etl/internal/middleware/masking.go:39.2,45.80 3 25
oracle-etl/internal/middleware/masking.go:45.80,47.22 2 2
oracle-etl/internal/middleware/masking.go:47.22,49.4 1 2
oracle-etl/internal/middleware/masking.go:50.3,50.15 1 0
oracle-etl/internal/middleware/masking.go:54.2,54.84 1 25
oracle-etl/internal/middleware/masking.go:54.84,56.80 1 1
oracle-etl/internal/middleware/masking.go:56.80,58.4 1 1
oracle-etl/internal/middleware/masking.go:59.3,59.31 1 0
oracle-etl/internal/middleware/masking.go:63.2,63.85 1 25
oracle-etl/internal/middleware/masking.go:63.85,65.18 2 2
oracle-etl/internal/middleware/masking.go:65.18,67.4 1 0
oracle-etl/internal/middleware/masking.go:69.3,71.66 2 2
oracle-etl/internal/middleware/masking.go:71.66,73.40 2 1
oracle-etl/internal/middleware/masking.go:73.40,75.5 1 0
oracle-etl/internal/middleware/masking.go:77.3,77.34 1 2
oracle-etl/internal/middleware/masking.go:81.2,87.15 6 25
oracle-etl/internal/middleware/masking.go:91.71,92.71 1 125
oracle-etl/internal/middleware/masking.go:92.71,95.18 2 17
oracle-etl/internal/middleware/masking.go:95.18,97.4 1 0
oracle-etl/internal/middleware/masking.go:98.3,98.34 1 17
oracle-etl/internal/middleware/masking.go:103.50,105.2 1 3
oracle-etl/internal/middleware/ratelimit.go:28.68,39.2 3 7
oracle-etl/internal/middleware/ratelimit.go:42.34,46.21 3 7
oracle-etl/internal/middleware/ratelimit.go:46.21,49.39 3 0
oracle-etl/internal/middleware/ratelimit.go:49.39,50.51 1 0
oracle-etl/internal/middleware/ratelimit.go:50.51,52.5 1 0
oracle-etl/internal/middleware/ratelimit.go:54.3,54.17 1 0
oracle-etl/internal/middleware/ratelimit.go:59.95,66.13 5 12
oracle-etl/internal/middleware/ratelimit.go:66.13,72.3 2 9
oracle-etl/internal/middleware/ratelimit.go:75.2,80.43 4 12
oracle-etl/internal/middleware/ratelimit.go:80.43,82.3 1 0
oracle-etl/internal/middleware/ratelimit.go:84.2,87.24 2 12
oracle-etl/internal/middleware/ratelimit.go:87.24,91.3 3 9
oracle-etl/internal/middleware/ratelimit.go:94.2,97.26 3 3
oracle-etl/internal/middleware/ratelimit.go:101.72,103.18 1 8
oracle-etl/internal/middleware/ratelimit.go:103.18,104.35 1 1
oracle-etl/internal/middleware/ratelimit.go:104.35,106.4 1 100
oracle-etl/internal/middleware/ratelimit.go:109.2,111.34 2 7
oracle-etl/internal/middleware/ratelimit.go:111.34,121.15 5 12
oracle-etl/internal/middleware/ratelimit.go:121.15,124.29 2 3
oracle-etl/internal/middleware/ratelimit.go:124.29,126.5 1 0
oracle-etl/internal/middleware/ratelimit.go:127.4,134.6 3 3
oracle-etl/internal/middleware/ratelimit.go:137.3,137.18 1 9
oracle-etl/internal/middleware/ratelimit.go:142.41,145.18 2 12
oracle-etl/internal/middleware/ratelimit.go:145.18,147.3 1 2
oracle-etl/internal/middleware/ratelimit.go:150.2,151.24 2 10
oracle-etl/internal/middleware/ratelimit.go:151.24,153.3 1 10
oracle-etl/internal/middleware/ratelimit.go:156.2,156.23 1 0
oracle-etl/internal/middleware/recovery.go:21.65,22.34 1 8
oracle-etl/internal/middleware/recovery.go:22.34,23.16 1 8
oracle-etl/internal/middleware/recovery.go:23.16,24.32 1 8
oracle-etl/internal/middleware/recovery.go:24.32,27.22 2 7
oracle-etl/internal/middleware/recovery.go:27.22,29.6 1 6
oracle-etl/internal/middleware/recovery.go:32.5,50.24 5 7
oracle-etl/internal/middleware/recovery.go:54.3,54.18 1 8
oracle-etl/internal/middleware/recovery.go:59.67,61.53 1 7
oracle-etl/internal/middleware/recovery.go:61.53,63.3 1 1
oracle-etl/internal/middleware/recovery.go:66.2,66.30 1 6
oracle-etl/internal/middleware/recovery.go:66.30,69.3 1 0
oracle-etl/internal/middleware/recovery.go:72.2,76.5 1 6
oracle-etl/internal/middleware/recovery.go:80.98,81.34 1 0
oracle-etl/internal/middleware/recovery.go:81.34,82.16 1 0
oracle-etl/internal/middleware/recovery.go:82.16,83.32 1 0
oracle-etl/internal/middleware/recovery.go:83.32,86.22 2 0
oracle-etl/internal/middleware/recovery.go:86.22,88.6 1 0
oracle-etl/internal/middleware/recovery.go:91.5,103.32 4 0
oracle-etl/internal/middleware/recovery.go:103.32,105.6 1 0
oracle-etl/internal/middleware/recovery.go:107.5,110.30 2 0
oracle-etl/internal/middleware/recovery.go:110.30,112.6 1 0
oracle-etl/internal/middleware/recovery.go:115.5,116.24 2 0
oracle-etl/internal/middleware/recovery.go:120.3,120.18 1 0
oracle-etl/internal/middleware/recovery.go:135.45,141.2 1 0
oracle-etl/internal/errors/errors.go:37.52,42.2 1 21
oracle-etl/internal/errors/errors.go:45.65,48.2 2 5
oracle-etl/internal/errors/errors.go:51.68,54.2 2 3
oracle-etl/internal/errors/errors.go:57.40,59.2 1 1
oracle-etl/internal/errors/errors.go:63.47,65.9 2 2
oracle-etl/internal/errors/errors.go:65.9,67.3 1 0
oracle-etl/internal/errors/errors.go:68.2,68.25 1 2
oracle-etl/internal/errors/errors.go:72.42,73.16 1 7
oracle-etl/internal/errors/errors.go:74.25,75.31 1 1
oracle-etl/internal/errors/errors.go:76.19,77.33 1 1
oracle-etl/internal/errors/errors.go:78.32,79.29 1 1
oracle-etl/internal/errors/errors.go:80.24,81.36 1 1
oracle-etl/internal/errors/errors.go:82.31,83.39 1 1
oracle-etl/internal/errors/errors.go:84.24,85.31 1 1
oracle-etl/internal/errors/errors.go:86.23,87.40 1 1
oracle-etl/internal/errors/errors.go:88.10,89.40 1 0
oracle-etl/internal/errors/errors.go:94.55,95.16 1 2
oracle-etl/internal/errors/errors.go:95.16,97.3 1 1
oracle-etl/internal/errors/errors.go:98.2,98.36 1 1
oracle-etl/internal/errors/errors.go:102.63,107.2 1 1
oracle-etl/internal/errors/errors.go:110.59,112.18 2 1
oracle-etl/internal/errors/errors.go:112.18,114.3 1 1
oracle-etl/internal/errors/errors.go:115.2,118.5 1 1
oracle-etl/internal/errors/errors.go:122.65,124.18 2 1
oracle-etl/internal/errors/errors.go:124.18,126.3 1 1
oracle-etl/internal/errors/errors.go:127.2,131.5 1 1
oracle-etl/internal/errors/errors.go:135.63,138.2 1 1
oracle-etl/internal/errors/errors.go:141.50,143.2 1 0
oracle-etl/internal/errors/errors.go:146.41,148.2 1 0
oracle-etl/internal/errors/errors.go:151.54,153.2 1 0
oracle-etl/internal/resilience/circuit.go:27.32,28.11 1 3
oracle-etl/internal/resilience/circuit.go:29.19,30.18 1 1
oracle-etl/internal/resilience/circuit.go:31.17,32.16 1 1
oracle-etl/internal/resilience/circuit.go:33.21,34.21 1 1
oracle-etl/internal/resilience/circuit.go:35.10,36.19 1 0
oracle-etl/internal/resilience/circuit.go:51.43,57.2 1 3
oracle-etl/internal/resilience/circuit.go:87.62,92.2 1 10
oracle-etl/internal/resilience/circuit.go:95.41,100.27 3 10
oracle-etl/internal/resilience/circuit.go:100.27,101.54 1 3
oracle-etl/internal/resilience/circuit.go:101.54,103.4 1 0
oracle-etl/internal/resilience/circuit.go:106.2,106.17 1 10
oracle-etl/internal/resilience/circuit.go:110.58,114.27 2 121
oracle-etl/internal/resilience/circuit.go:114.27,115.54 1 4
oracle-etl/internal/resilience/circuit.go:115.54,119.4 2 3
oracle-etl/internal/resilience/circuit.go:119.9,124.4 3 1
oracle-etl/internal/resilience/circuit.go:127.2,136.16 6 120
oracle-etl/internal/resilience/circuit.go:136.16,138.3 1 63
oracle-etl/internal/resilience/circuit.go:138.8,140.3 1 57
oracle-etl/internal/resilience/circuit.go:142.2,142.12 1 120
oracle-etl/internal/resilience/circuit.go:146.39,150.18 3 57
oracle-etl/internal/resilience/circuit.go:151.19,151.19 0 54
oracle-etl/internal/resilience/circuit.go:153.21,155.49 2 3
oracle-etl/internal/resilience/circuit.go:155.49,159.4 2 2
oracle-etl/internal/resilience/circuit.go:164.39,169.18 4 63
oracle-etl/internal/resilience/circuit.go:170.19,171.48 1 62
oracle-etl/internal/resilience/circuit.go:171.48,174.4 1 5
oracle-etl/internal/resilience/circuit.go:175.21,178.19 2 1
oracle-etl/internal/resilience/circuit.go:183.53,193.2 3 1
oracle-etl/internal/resilience/circuit.go:196.35,207.2 9 0
oracle-etl/internal/resilience/retry.go:26.39,34.2 1 3
oracle-etl/internal/resilience/retry.go:37.73,41.56 3 8
oracle-etl/internal/resilience/retry.go:41.56,43.10 1 19
oracle-etl/internal/resilience/retry.go:44.21,45.22 1 0
oracle-etl/internal/resilience/retry.go:45.22,47.5 1 0
oracle-etl/internal/resilience/retry.go:48.4,48.20 1 0
oracle-etl/internal/resilience/retry.go:49.11,49.11 0 19
oracle-etl/internal/resilience/retry.go:53.3,54.21 2 19
oracle-etl/internal/resilience/retry.go:54.21,56.4 1 2
oracle-etl/internal/resilience/retry.go:59.3,59.62 1 17
oracle-etl/internal/resilience/retry.go:59.62,61.4 1 1
oracle-etl/internal/resilience/retry.go:64.3,64.34 1 16
oracle-etl/internal/resilience/retry.go:64.34,65.9 1 4
oracle-etl/internal/resilience/retry.go:69.3,69.10 1 12
oracle-etl/internal/resilience/retry.go:70.21,71.18 1 1
oracle-etl/internal/resilience/retry.go:72.28,72.28 0 11
oracle-etl/internal/resilience/retry.go:76.3,77.27 2 11
oracle-etl/internal/resilience/retry.go:77.27,79.4 1 4
oracle-etl/internal/resilience/retry.go:82.2,82.16 1 4
oracle-etl/internal/resilience/retry.go:86.100,91.56 4 3
oracle-etl/internal/resilience/retry.go:91.56,93.10 1 6
oracle-etl/internal/resilience/retry.go:94.21,95.22 1 0
oracle-etl/internal/resilience/retry.go:95.22,97.5 1 0
oracle-etl/internal/resilience/retry.go:98.4,98.28 1 0
oracle-etl/internal/resilience/retry.go:99.11,99.11 0 6
oracle-etl/internal/resilience/retry.go:103.3,104.21 2 6
oracle-etl/internal/resilience/retry.go:104.21,106.4 1 2
oracle-etl/internal/resilience/retry.go:109.3,109.62 1 4
oracle-etl/internal/resilience/retry.go:109.62,111.4 1 0
oracle-etl/internal/resilience/retry.go:114.3,114.34 1 4
oracle-etl/internal/resilience/retry.go:114.34,115.9 1 1
oracle-etl/internal/resilience/retry.go:119.3,119.10 1 3
oracle-etl/internal/resilience/retry.go:120.21,121.26 1 0
oracle-etl/internal/resilience/retry.go:122.28,122.28 0 3
oracle-etl/internal/resilience/retry.go:126.3,127.27 2 3
oracle-etl/internal/resilience/retry.go:127.27,129.4 1 0
oracle-etl/internal/resilience/retry.go:132.2,132.24 1 1
oracle-etl/internal/resilience/shutdown.go:36.46,42.2 1 9
oracle-etl/internal/resilience/shutdown.go:46.74,54.2 3 6
oracle-etl/internal/resilience/shutdown.go:57.39,58.49 1 9
oracle-etl/internal/resilience/shutdown.go:58.49,60.3 1 7
oracle-etl/internal/resilience/shutdown.go:64.51,66.2 1 2
oracle-etl/internal/resilience/shutdown.go:69.52,71.2 1 1
oracle-etl/internal/resilience/shutdown.go:74.43,76.2 1 3
oracle-etl/internal/resilience/shutdown.go:79.44,81.2 1 2
oracle-etl/internal/resilience/shutdown.go:84.51,86.2 1 2
oracle-etl/internal/resilience/shutdown.go:89.61,91.9 1 6
oracle-etl/internal/resilience/shutdown.go:92.24,93.13 1 1
oracle-etl/internal/resilience/shutdown.go:94.10,94.10 0 5
oracle-etl/internal/resilience/shutdown.go:97.2,99.27 2 5
oracle-etl/internal/resilience/shutdown.go:99.27,104.24 3 5
oracle-etl/internal/resilience/shutdown.go:104.24,106.4 1 0
oracle-etl/internal/resilience/shutdown.go:109.3,109.35 1 5
oracle-etl/internal/resilience/shutdown.go:113.2,113.9 1 5
oracle-etl/internal/resilience/shutdown.go:114.24,115.20 1 5
oracle-etl/internal/resilience/shutdown.go:116.20,117.19 1 0
oracle-etl/internal/resilience/shutdown.go:122.72,123.29 1 5
oracle-etl/internal/resilience/shutdown.go:123.29,124.10 1 1
oracle-etl/internal/resilience/shutdown.go:125.21,126.20 1 0
oracle-etl/internal/resilience/shutdown.go:127.34,128.14 1 1
oracle-etl/internal/resilience/shutdown.go:131.2,131.12 1 4
oracle-etl/internal/resilience/shutdown.go:135.55,137.12 2 1
oracle-etl/internal/resilience/shutdown.go:137.12,138.26 1 1
oracle-etl/internal/resilience/shutdown.go:138.27,140.4 0 291014
oracle-etl/internal/resilience/shutdown.go:141.3,141.14 1 1
oracle-etl/internal/resilience/shutdown.go:143.2,143.13 1 1
oracle-etl/internal/resilience/shutdown.go:147.68,156.42 6 5
oracle-etl/internal/resilience/shutdown.go:156.42,159.10 2 6
oracle-etl/internal/resilience/shutdown.go:160.21,161.59 1 0
oracle-etl/internal/resilience/shutdown.go:162.11,162.11 0 6
oracle-etl/internal/resilience/shutdown.go:165.3,165.39 1 6
oracle-etl/internal/resilience/shutdown.go:165.39,167.4 1 1
oracle-etl/internal/resilience/shutdown.go:170.2,170.19 1 5
oracle-etl/internal/resilience/shutdown.go:170.19,172.3 1 1
oracle-etl/internal/resilience/shutdown.go:174.2,174.12 1 4
oracle-etl/internal/domain/extraction.go:71.51,77.2 1 0
oracle-etl/internal/domain/extraction.go:108.61,115.2 1 0
oracle-etl/internal/domain/extraction.go:118.30,122.2 3 0
oracle-etl/internal/domain/extraction.go:125.74,132.2 6 0
oracle-etl/internal/domain/extraction.go:135.38,139.16 4 0
oracle-etl/internal/domain/extraction.go:139.16,142.3 2 0
oracle-etl/internal/domain/job.go:26.38,28.2 1 0
oracle-etl/internal/domain/job.go:39.47,40.20 1 2
oracle-etl/internal/domain/job.go:40.20,42.3 1 2
oracle-etl/internal/domain/job.go:61.67,63.2 1 18
oracle-etl/internal/domain/job.go:66.38,68.2 1 0
oracle-etl/internal/domain/job.go:71.55,82.2 2 18
oracle-etl/internal/domain/job.go:85.23,89.2 3 3
oracle-etl/internal/domain/job.go:92.26,96.24 4 1
oracle-etl/internal/domain/job.go:96.24,99.3 2 1
oracle-etl/internal/domain/job.go:103.31,107.16 4 1
oracle-etl/internal/domain/job.go:107.16,110.3 2 1
oracle-etl/internal/domain/job.go:111.2,111.24 1 1
oracle-etl/internal/domain/job.go:111.24,114.3 2 1
oracle-etl/internal/domain/job.go:118.24,122.24 4 0
oracle-etl/internal/domain/job.go:122.24,124.3 1 0
oracle-etl/internal/domain/job.go:128.45,130.2 1 0
oracle-etl/internal/domain/job.go:133.31,135.36 2 0
oracle-etl/internal/domain/job.go:135.36,138.3 2 0
oracle-etl/internal/domain/job.go:139.2,141.36 3 0
oracle-etl/internal/domain/job.go:169.43,174.2 1 2
oracle-etl/internal/domain/transport.go:43.49,46.25 2 9
oracle-etl/internal/domain/transport.go:46.25,48.3 1 9
oracle-etl/internal/domain/transport.go:49.2,49.43 1 0
oracle-etl/internal/domain/transport.go:53.77,65.2 2 18
oracle-etl/internal/domain/transport.go:68.38,69.16 1 0
oracle-etl/internal/domain/transport.go:69.16,71.3 1 0
oracle-etl/internal/domain/transport.go:72.2,72.18 1 0
oracle-etl/internal/domain/transport.go:72.18,74.3 1 0
oracle-etl/internal/domain/transport.go:75.2,75.24 1 0
oracle-etl/internal/domain/transport.go:75.24,77.3 1 0
oracle-etl/internal/domain/transport.go:78.2,78.12 1 0
oracle-etl/internal/domain/transport.go:82.39,84.2 1 2
oracle-etl/internal/domain/transport.go:94.51,95.18 1 11
oracle-etl/internal/domain/transport.go:95.18,97.3 1 1
oracle-etl/internal/domain/transport.go:98.2,98.24 1 10
oracle-etl/internal/domain/transport.go:98.24,100.3 1 1
oracle-etl/internal/domain/transport.go:101.2,101.12 1 9
oracle-etl/internal/usecase/job_service.go:23.112,28.2 1 9
oracle-etl/internal/usecase/job_service.go:31.94,34.16 2 19
oracle-etl/internal/usecase/job_service.go:34.16,36.3 1 1
oracle-etl/internal/usecase/job_service.go:39.2,40.16 2 18
oracle-etl/internal/usecase/job_service.go:40.16,42.3 1 0
oracle-etl/internal/usecase/job_service.go:45.2,56.51 6 18
oracle-etl/internal/usecase/job_service.go:56.51,58.3 1 0
oracle-etl/internal/usecase/job_service.go:60.2,60.17 1 18
oracle-etl/internal/usecase/job_service.go:64.83,66.2 1 4
oracle-etl/internal/usecase/job_service.go:69.110,70.23 1 2
oracle-etl/internal/usecase/job_service.go:70.23,72.3 1 0
oracle-etl/internal/usecase/job_service.go:73.2,73.23 1 2
oracle-etl/internal/usecase/job_service.go:73.23,75.3 1 0
oracle-etl/internal/usecase/job_service.go:77.2,78.16 2 2
oracle-etl/internal/usecase/job_service.go:78.16,80.3 1 0
oracle-etl/internal/usecase/job_service.go:82.2,87.8 1 2
oracle-etl/internal/usecase/job_service.go:91.72,93.16 2 3
oracle-etl/internal/usecase/job_service.go:93.16,95.3 1 0
oracle-etl/internal/usecase/job_service.go:97.2,99.35 2 3
oracle-etl/internal/usecase/job_service.go:103.75,105.16 2 1
oracle-etl/internal/usecase/job_service.go:105.16,107.3 1 0
oracle-etl/internal/usecase/job_service.go:109.2,111.35 2 1
oracle-etl/internal/usecase/job_service.go:115.86,117.16 2 1
oracle-etl/internal/usecase/job_service.go:117.16,119.3 1 0
oracle-etl/internal/usecase/job_service.go:121.2,123.35 2 1
oracle-etl/internal/usecase/job_service.go:127.73,129.16 2 0
oracle-etl/internal/usecase/job_service.go:129.16,131.3 1 0
oracle-etl/internal/usecase/job_service.go:133.2,135.35 2 0
oracle-etl/internal/usecase/job_service.go:139.76,141.2 1 0
oracle-etl/internal/usecase/job_service.go:144.106,146.2 1 0
oracle-etl/internal/usecase/parallel_executor.go:32.42,33.25 1 9
oracle-etl/internal/usecase/parallel_executor.go:33.25,35.3 1 1
oracle-etl/internal/usecase/parallel_executor.go:36.2,36.24 1 8
oracle-etl/internal/usecase/parallel_executor.go:36.24,38.3 1 1
oracle-etl/internal/usecase/parallel_executor.go:39.2,39.12 1 7
oracle-etl/internal/usecase/parallel_executor.go:43.52,44.24 1 9
oracle-etl/internal/usecase/parallel_executor.go:44.24,46.3 1 2
oracle-etl/internal/usecase/parallel_executor.go:47.2,47.43 1 7
oracle-etl/internal/usecase/parallel_executor.go:47.43,49.3 1 1
oracle-etl/internal/usecase/parallel_executor.go:50.2,50.22 1 6
oracle-etl/internal/usecase/parallel_executor.go:54.63,55.27 1 7
oracle-etl/internal/usecase/parallel_executor.go:55.27,57.3 1 2
oracle-etl/internal/usecase/parallel_executor.go:58.2,58.31 1 5
oracle-etl/internal/usecase/parallel_executor.go:74.37,76.2 1 28
oracle-etl/internal/usecase/parallel_executor.go:79.46,80.31 1 0
oracle-etl/internal/usecase/parallel_executor.go:80.31,82.3 1 0
oracle-etl/internal/usecase/parallel_executor.go:83.2,83.51 1 0
oracle-etl/internal/usecase/parallel_executor.go:101.52,103.2 1 7
oracle-etl/internal/usecase/parallel_executor.go:106.51,108.19 2 1
oracle-etl/internal/usecase/parallel_executor.go:108.19,110.3 1 0
oracle-etl/internal/usecase/parallel_executor.go:111.2,111.40 1 1
oracle-etl/internal/usecase/parallel_executor.go:115.42,117.2 1 0
oracle-etl/internal/usecase/parallel_executor.go:128.145,129.21 1 8
oracle-etl/internal/usecase/parallel_executor.go:129.21,131.3 1 1
oracle-etl/internal/usecase/parallel_executor.go:132.2,137.3 1 8
oracle-etl/internal/usecase/parallel_executor.go:141.45,143.2 1 2
oracle-etl/internal/usecase/parallel_executor.go:146.103,148.9 1 6
oracle-etl/internal/usecase/parallel_executor.go:149.20,150.24 1 1
oracle-etl/internal/usecase/parallel_executor.go:151.10,151.10 0 5
oracle-etl/internal/usecase/parallel_executor.go:155.2,155.40 1 5
oracle-etl/internal/usecase/parallel_executor.go:155.40,157.3 1 0
oracle-etl/internal/usecase/parallel_executor.go:159.2,169.32 3 5
oracle-etl/internal/usecase/parallel_executor.go:169.32,171.3 1 0
oracle-etl/internal/usecase/parallel_executor.go:173.2,184.40 6 5
oracle-etl/internal/usecase/parallel_executor.go:184.40,191.49 3 13
oracle-etl/internal/usecase/parallel_executor.go:191.49,198.21 4 13
oracle-etl/internal/usecase/parallel_executor.go:198.21,200.6 1 13
oracle-etl/internal/usecase/parallel_executor.go:202.5,202.29 1 13
oracle-etl/internal/usecase/parallel_executor.go:208.2,208.12 1 5
oracle-etl/internal/usecase/parallel_executor.go:208.12,211.3 2 5
oracle-etl/internal/usecase/parallel_executor.go:214.2,215.36 2 5
oracle-etl/internal/usecase/parallel_executor.go:215.36,217.28 2 13
oracle-etl/internal/usecase/parallel_executor.go:217.28,221.4 3 12
oracle-etl/internal/usecase/parallel_executor.go:221.9,223.4 1 1
oracle-etl/internal/usecase/parallel_executor.go:226.2,231.18 4 5
oracle-etl/internal/usecase/parallel_executor.go:231.18,233.3 1 5
oracle-etl/internal/usecase/parallel_executor.go:236.2,236.29 1 5
oracle-etl/internal/usecase/parallel_executor.go:236.29,238.3 1 1
oracle-etl/internal/usecase/parallel_executor.go:240.2,240.20 1 4
oracle-etl/internal/usecase/parallel_executor.go:244.140,259.106 4 13
oracle-etl/internal/usecase/parallel_executor.go:259.106,261.10 1 12
oracle-etl/internal/usecase/parallel_executor.go:262.21,263.20 1 0
oracle-etl/internal/usecase/parallel_executor.go:264.11,264.11 0 12
oracle-etl/internal/usecase/parallel_executor.go:267.3,270.19 2 12
oracle-etl/internal/usecase/parallel_executor.go:270.19,272.4 1 12
oracle-etl/internal/usecase/parallel_executor.go:274.3,274.13 1 12
oracle-etl/internal/usecase/parallel_executor.go:277.2,281.16 4 13
oracle-etl/internal/usecase/parallel_executor.go:281.16,283.3 1 1
oracle-etl/internal/usecase/parallel_executor.go:285.2,285.15 1 13
oracle-etl/internal/usecase/parallel_executor.go:289.105,290.18 1 12
oracle-etl/internal/usecase/parallel_executor.go:290.18,292.3 1 0
oracle-etl/internal/usecase/parallel_executor.go:294.2,300.4 1 12
oracle-etl/internal/usecase/parallel_executor.go:304.90,305.18 1 13
oracle-etl/internal/usecase/parallel_executor.go:305.18,307.3 1 0
oracle-etl/internal/usecase/parallel_executor.go:309.2,309.23 1 13
oracle-etl/internal/usecase/parallel_executor.go:309.23,319.3 2 1
oracle-etl/internal/usecase/parallel_executor.go:322.2,327.4 1 12
oracle-etl/internal/usecase/parallel_executor.go:331.71,332.18 1 5
oracle-etl/internal/usecase/parallel_executor.go:332.18,334.3 1 0
oracle-etl/internal/usecase/parallel_executor.go:336.2,343.4 1 5
oracle-etl/internal/usecase/transport_service.go:19.81,23.2 1 6
oracle-etl/internal/usecase/transport_service.go:26.118,28.39 1 11
oracle-etl/internal/usecase/transport_service.go:28.39,30.3 1 2
oracle-etl/internal/usecase/transport_service.go:33.2,39.54 3 9
oracle-etl/internal/usecase/transport_service.go:39.54,41.3 1 0
oracle-etl/internal/usecase/transport_service.go:43.2,43.23 1 9
oracle-etl/internal/usecase/transport_service.go:47.95,49.2 1 4
oracle-etl/internal/usecase/transport_service.go:52.112,53.16 1 2
oracle-etl/internal/usecase/transport_service.go:53.16,55.3 1 0
oracle-etl/internal/usecase/transport_service.go:56.2,56.16 1 2
oracle-etl/internal/usecase/transport_service.go:56.16,58.3 1 0
oracle-etl/internal/usecase/transport_service.go:60.2,61.16 2 2
oracle-etl/internal/usecase/transport_service.go:61.16,63.3 1 0
oracle-etl/internal/usecase/transport_service.go:65.2,70.8 1 2
oracle-etl/internal/usecase/transport_service.go:74.73,76.2 1 1
oracle-etl/internal/usecase/transport_service.go:79.110,81.2 1 0
oracle-etl/internal/usecase/transport_service.go:84.91,86.2 1 0
oracle-etl/pkg/jsonl/encoder.go:44.62,48.2 3 12
oracle-etl/pkg/jsonl/encoder.go:52.38,70.2 6 13
oracle-etl/pkg/jsonl/encoder.go:74.47,75.48 1 21
oracle-etl/pkg/jsonl/encoder.go:75.48,77.3 1 0
oracle-etl/pkg/jsonl/encoder.go:78.2,79.12 2 21
oracle-etl/pkg/jsonl/encoder.go:83.33,85.2 1 11
oracle-etl/pkg/jsonl/encoder.go:88.40,92.2 2 3
oracle-etl/pkg/jsonl/encoder.go:95.39,97.2 1 4
oracle-etl/pkg/jsonl/encoder.go:116.50,119.2 2 2
oracle-etl/pkg/jsonl/encoder.go:122.73,123.27 1 1
oracle-etl/pkg/jsonl/encoder.go:123.27,124.39 1 3
oracle-etl/pkg/jsonl/encoder.go:124.39,126.4 1 0
oracle-etl/pkg/jsonl/encoder.go:128.2,128.12 1 1
oracle-etl/pkg/jsonl/encoder.go:132.33,135.2 2 1
oracle-etl/pkg/compress/gzip.go:39.62,43.2 3 71
oracle-etl/pkg/compress/gzip.go:47.44,49.2 1 11
oracle-etl/pkg/compress/gzip.go:53.60,66.2 3 12
oracle-etl/pkg/compress/gzip.go:69.57,73.2 3 15
oracle-etl/pkg/compress/gzip.go:76.36,78.2 1 1
oracle-etl/pkg/compress/gzip.go:82.36,84.2 1 12
oracle-etl/pkg/compress/gzip.go:87.43,89.2 1 1
oracle-etl/pkg/compress/gzip.go:92.40,94.2 1 1
oracle-etl/pkg/compress/gzip.go:102.54,104.16 2 0
oracle-etl/pkg/compress/gzip.go:104.16,106.3 1 0
oracle-etl/pkg/compress/gzip.go:107.2,107.43 1 0
oracle-etl/pkg/compress/gzip.go:111.56,113.2 1 0
oracle-etl/pkg/compress/gzip.go:116.36,118.2 1 0
oracle-etl/pkg/buffer/config.go:72.29,81.2 1 6
oracle-etl/pkg/buffer/config.go:85.37,94.2 1 1
oracle-etl/pkg/buffer/config.go:98.31,107.2 1 1
oracle-etl/pkg/buffer/config.go:110.34,111.27 1 4
oracle-etl/pkg/buffer/config.go:111.27,113.3 1 1
oracle-etl/pkg/buffer/config.go:114.2,114.26 1 3
oracle-etl/pkg/buffer/config.go:114.26,116.3 1 0
oracle-etl/pkg/buffer/config.go:117.2,117.28 1 3
oracle-etl/pkg/buffer/config.go:117.28,119.3 1 1
oracle-etl/pkg/buffer/config.go:120.2,120.27 1 2
oracle-etl/pkg/buffer/config.go:120.27,122.3 1 0
oracle-etl/pkg/buffer/config.go:123.2,123.38 1 2
oracle-etl/pkg/buffer/config.go:123.38,125.3 1 1
oracle-etl/pkg/buffer/config.go:126.2,126.22 1 1
oracle-etl/pkg/buffer/config.go:126.22,128.3 1 0
oracle-etl/pkg/buffer/config.go:129.2,129.12 1 1
oracle-etl/pkg/buffer/config.go:133.53,136.2 2 1
oracle-etl/pkg/buffer/config.go:139.53,142.2 2 0
oracle-etl/pkg/buffer/config.go:145.54,148.2 2 1
oracle-etl/pkg/buffer/config.go:151.53,154.2 2 0
oracle-etl/pkg/buffer/config.go:157.51,160.2 2 0
oracle-etl/pkg/buffer/config.go:163.48,166.2 2 1
oracle-etl/pkg/buffer/config.go:170.46,188.2 7 1
oracle-etl/pkg/buffer/config.go:191.33,201.2 1 0
oracle-etl/pkg/pool/worker.go:30.32,32.2 1 2
oracle-etl/pkg/pool/worker.go:48.45,49.18 1 11
oracle-etl/pkg/pool/worker.go:49.18,51.3 1 2
oracle-etl/pkg/pool/worker.go:53.2,57.3 1 11
oracle-etl/pkg/pool/worker.go:61.36,63.2 1 4
oracle-etl/pkg/pool/worker.go:66.49,67.51 1 7
oracle-etl/pkg/pool/worker.go:67.51,69.3 1 0
oracle-etl/pkg/pool/worker.go:71.2,74.33 2 7
oracle-etl/pkg/pool/worker.go:74.33,77.3 2 16
oracle-etl/pkg/pool/worker.go:81.37,84.6 2 16
oracle-etl/pkg/pool/worker.go:84.6,85.10 1 48
oracle-etl/pkg/pool/worker.go:86.23,88.8 1 2
oracle-etl/pkg/pool/worker.go:88.8,89.12 1 4
oracle-etl/pkg/pool/worker.go:90.36,91.13 1 4
oracle-etl/pkg/pool/worker.go:91.13,93.7 1 2
oracle-etl/pkg/pool/worker.go:94.6,94.25 1 2
oracle-etl/pkg/pool/worker.go:95.13,96.12 1 0
oracle-etl/pkg/pool/worker.go:99.34,100.11 1 46
oracle-etl/pkg/pool/worker.go:100.11,102.5 1 14
oracle-etl/pkg/pool/worker.go:103.4,103.23 1 32
oracle-etl/pkg/pool/worker.go:109.45,114.25 3 34
oracle-etl/pkg/pool/worker.go:114.25,116.3 1 34
oracle-etl/pkg/pool/worker.go:118.2,130.9 3 34
oracle-etl/pkg/pool/worker.go:131.27,131.27 0 34
oracle-etl/pkg/pool/worker.go:132.10,134.22 1 0
oracle-etl/pkg/pool/worker.go:137.2,137.35 1 34
oracle-etl/pkg/pool/worker.go:141.40,144.2 2 34
oracle-etl/pkg/pool/worker.go:147.38,159.32 5 7
oracle-etl/pkg/pool/worker.go:159.32,161.3 1 34
oracle-etl/pkg/pool/worker.go:163.2,163.16 1 7
oracle-etl/pkg/pool/worker.go:167.29,168.21 1 7
oracle-etl/pkg/pool/worker.go:168.21,170.3 1 7
oracle-etl/pkg/pool/worker.go:171.2,171.34 1 7
oracle-etl/pkg/pool/worker.go:175.41,177.2 1 0
